# JRE version: OpenJDK Runtime Environment (11.0.2+9) (build 11.0.2+9)
# Java VM: OpenJDK 64-Bit Server VM (11.0.2+9, mixed mode, tiered, compressed oops, parallel gc, windows-amd64)
Heap:
 PSYoungGen      total 23040K, used 17K [0x00000000eab00000, 0x00000000eca80000, 0x0000000100000000)
  eden space 22528K, 0% used [0x00000000eab00000,0x00000000eab04428,0x00000000ec100000)
  from space 512K, 0% used [0x00000000ec400000,0x00000000ec400000,0x00000000ec480000)
  to   space 2560K, 0% used [0x00000000ec800000,0x00000000ec800000,0x00000000eca80000)
 ParOldGen       total 68608K, used 21393K [0x00000000c0000000, 0x00000000c4300000, 0x00000000eab00000)
  object space 68608K, 31% used [0x00000000c0000000,0x00000000c14e4698,0x00000000c4300000)
 Metaspace       used 33561K, capacity 35461K, committed 35672K, reserved 1081344K
  class space    used 3180K, capacity 3852K, committed 3968K, reserved 1048576K
GC Heap History (10 events):
Event: 9.599 GC heap before
{Heap before GC invocations=9 (full 1):
 PSYoungGen      total 30720K, used 30709K [0x00000000eab00000, 0x00000000ed480000, 0x0000000100000000)
  eden space 24064K, 99% used [0x00000000eab00000,0x00000000ec27fff8,0x00000000ec280000)
  from space 6656K, 99% used [0x00000000ec380000,0x00000000ec9fd778,0x00000000eca00000)
  to   space 9216K, 0% used [0x00000000ecb80000,0x00000000ecb80000,0x00000000ed480000)
 ParOldGen       total 68608K, used 10481K [0x00000000c0000000, 0x00000000c4300000, 0x00000000eab00000)
  object space 68608K, 15% used [0x00000000c0000000,0x00000000c0a3c6a0,0x00000000c4300000)
 Metaspace       used 30936K, capacity 32718K, committed 32896K, reserved 1079296K
  class space    used 2995K, capacity 3641K, committed 3712K, reserved 1048576K
}
Event: 9.707 GC heap after
{Heap after GC invocations=9 (full 1):
 PSYoungGen      total 30720K, used 7058K [0x00000000eab00000, 0x00000000ed280000, 0x0000000100000000)
  eden space 23552K, 0% used [0x00000000eab00000,0x00000000eab00000,0x00000000ec200000)
  from space 7168K, 98% used [0x00000000ecb80000,0x00000000ed264b38,0x00000000ed280000)
  to   space 7680K, 0% used [0x00000000ec380000,0x00000000ec380000,0x00000000ecb00000)
 ParOldGen       total 68608K, used 12229K [0x00000000c0000000, 0x00000000c4300000, 0x00000000eab00000)
  object space 68608K, 17% used [0x00000000c0000000,0x00000000c0bf1528,0x00000000c4300000)
 Metaspace       used 30936K, capacity 32718K, committed 32896K, reserved 1079296K
  class space    used 2995K, capacity 3641K, committed 3712K, reserved 1048576K
}
Event: 9.969 GC heap before
{Heap before GC invocations=10 (full 1):
 PSYoungGen      total 30720K, used 30610K [0x00000000eab00000, 0x00000000ed280000, 0x0000000100000000)
  eden space 23552K, 100% used [0x00000000eab00000,0x00000000ec200000,0x00000000ec200000)
  from space 7168K, 98% used [0x00000000ecb80000,0x00000000ed264b38,0x00000000ed280000)
  to   space 7680K, 0% used [0x00000000ec380000,0x00000000ec380000,0x00000000ecb00000)
 ParOldGen       total 68608K, used 12229K [0x00000000c0000000, 0x00000000c4300000, 0x00000000eab00000)
  object space 68608K, 17% used [0x00000000c0000000,0x00000000c0bf1528,0x00000000c4300000)
 Metaspace       used 30936K, capacity 32718K, committed 32896K, reserved 1079296K
  class space    used 2995K, capacity 3641K, committed 3712K, reserved 1048576K
}
Event: 10.011 GC heap after
{Heap after GC invocations=10 (full 1):
 PSYoungGen      total 29696K, used 6496K [0x00000000eab00000, 0x00000000ecf80000, 0x0000000100000000)
  eden space 23040K, 0% used [0x00000000eab00000,0x00000000eab00000,0x00000000ec180000)
  from space 6656K, 97% used [0x00000000ec380000,0x00000000ec9d8020,0x00000000eca00000)
  to   space 5632K, 0% used [0x00000000eca00000,0x00000000eca00000,0x00000000ecf80000)
 ParOldGen       total 68608K, used 14848K [0x00000000c0000000, 0x00000000c4300000, 0x00000000eab00000)
  object space 68608K, 21% used [0x00000000c0000000,0x00000000c0e80040,0x00000000c4300000)
 Metaspace       used 30936K, capacity 32718K, committed 32896K, reserved 1079296K
  class space    used 2995K, capacity 3641K, committed 3712K, reserved 1048576K
}
Event: 12.062 GC heap before
{Heap before GC invocations=11 (full 1):
 PSYoungGen      total 29696K, used 29536K [0x00000000eab00000, 0x00000000ecf80000, 0x0000000100000000)
  eden space 23040K, 100% used [0x00000000eab00000,0x00000000ec180000,0x00000000ec180000)
  from space 6656K, 97% used [0x00000000ec380000,0x00000000ec9d8020,0x00000000eca00000)
  to   space 5632K, 0% used [0x00000000eca00000,0x00000000eca00000,0x00000000ecf80000)
 ParOldGen       total 68608K, used 14848K [0x00000000c0000000, 0x00000000c4300000, 0x00000000eab00000)
  object space 68608K, 21% used [0x00000000c0000000,0x00000000c0e80040,0x00000000c4300000)
 Metaspace       used 31761K, capacity 33541K, committed 33792K, reserved 1079296K
  class space    used 3071K, capacity 3724K, committed 3840K, reserved 1048576K
}
Event: 12.265 GC heap after
{Heap after GC invocations=11 (full 1):
 PSYoungGen      total 27648K, used 4801K [0x00000000eab00000, 0x00000000ecf00000, 0x0000000100000000)
  eden space 22528K, 0% used [0x00000000eab00000,0x00000000eab00000,0x00000000ec100000)
  from space 5120K, 93% used [0x00000000eca00000,0x00000000eceb0430,0x00000000ecf00000)
  to   space 5632K, 0% used [0x00000000ec400000,0x00000000ec400000,0x00000000ec980000)
 ParOldGen       total 68608K, used 19311K [0x00000000c0000000, 0x00000000c4300000, 0x00000000eab00000)
  object space 68608K, 28% used [0x00000000c0000000,0x00000000c12dbed0,0x00000000c4300000)
 Metaspace       used 31761K, capacity 33541K, committed 33792K, reserved 1079296K
  class space    used 3071K, capacity 3724K, committed 3840K, reserved 1048576K
}
Event: 12.896 GC heap before
{Heap before GC invocations=12 (full 1):
 PSYoungGen      total 27648K, used 9342K [0x00000000eab00000, 0x00000000ecf00000, 0x0000000100000000)
  eden space 22528K, 20% used [0x00000000eab00000,0x00000000eaf6f4c8,0x00000000ec100000)
  from space 5120K, 93% used [0x00000000eca00000,0x00000000eceb0430,0x00000000ecf00000)
  to   space 5632K, 0% used [0x00000000ec400000,0x00000000ec400000,0x00000000ec980000)
 ParOldGen       total 68608K, used 19311K [0x00000000c0000000, 0x00000000c4300000, 0x00000000eab00000)
  object space 68608K, 28% used [0x00000000c0000000,0x00000000c12dbed0,0x00000000c4300000)
 Metaspace       used 33411K, capacity 35269K, committed 35416K, reserved 1081344K
  class space    used 3180K, capacity 3852K, committed 3968K, reserved 1048576K
}
Event: 12.910 GC heap after
{Heap after GC invocations=12 (full 1):
 PSYoungGen      total 23040K, used 423K [0x00000000eab00000, 0x00000000eca80000, 0x0000000100000000)
  eden space 22528K, 0% used [0x00000000eab00000,0x00000000eab00000,0x00000000ec100000)
  from space 512K, 82% used [0x00000000ec400000,0x00000000ec469c48,0x00000000ec480000)
  to   space 2560K, 0% used [0x00000000ec800000,0x00000000ec800000,0x00000000eca80000)
 ParOldGen       total 68608K, used 24046K [0x00000000c0000000, 0x00000000c4300000, 0x00000000eab00000)
  object space 68608K, 35% used [0x00000000c0000000,0x00000000c177bbc0,0x00000000c4300000)
 Metaspace       used 33411K, capacity 35269K, committed 35416K, reserved 1081344K
  class space    used 3180K, capacity 3852K, committed 3968K, reserved 1048576K
}
Event: 12.910 GC heap before
{Heap before GC invocations=13 (full 2):
 PSYoungGen      total 23040K, used 423K [0x00000000eab00000, 0x00000000eca80000, 0x0000000100000000)
  eden space 22528K, 0% used [0x00000000eab00000,0x00000000eab00000,0x00000000ec100000)
  from space 512K, 82% used [0x00000000ec400000,0x00000000ec469c48,0x00000000ec480000)
  to   space 2560K, 0% used [0x00000000ec800000,0x00000000ec800000,0x00000000eca80000)
 ParOldGen       total 68608K, used 24046K [0x00000000c0000000, 0x00000000c4300000, 0x00000000eab00000)
  object space 68608K, 35% used [0x00000000c0000000,0x00000000c177bbc0,0x00000000c4300000)
 Metaspace       used 33411K, capacity 35269K, committed 35416K, reserved 1081344K
  class space    used 3180K, capacity 3852K, committed 3968K, reserved 1048576K
}
Event: 13.500 GC heap after
{Heap after GC invocations=13 (full 2):
 PSYoungGen      total 23040K, used 0K [0x00000000eab00000, 0x00000000eca80000, 0x0000000100000000)
  eden space 22528K, 0% used [0x00000000eab00000,0x00000000eab00000,0x00000000ec100000)
  from space 512K, 0% used [0x00000000ec400000,0x00000000ec400000,0x00000000ec480000)
  to   space 2560K, 0% used [0x00000000ec800000,0x00000000ec800000,0x00000000eca80000)
 ParOldGen       total 68608K, used 21393K [0x00000000c0000000, 0x00000000c4300000, 0x00000000eab00000)
  object space 68608K, 31% used [0x00000000c0000000,0x00000000c14e4698,0x00000000c4300000)
 Metaspace       used 33411K, capacity 35269K, committed 35416K, reserved 1081344K
  class space    used 3180K, capacity 3852K, committed 3968K, reserved 1048576K
}

